<?xml version="1.0" encoding="UTF-8"?>
<!-- Generated by org.testng.reporters.JUnitReportReporter -->
<testsuite skipped="0" hostname="MAVBCP3103" name="PageFactory.LeavePage_PF" tests="1" failures="0" timestamp="2021-12-18T13:51:00 IST" time="28.758" errors="0">
  <testcase name="VerifyAssignLeave" time="28.758" classname="PageFactory.LeavePage_PF"/>
  <system-out/>
</testsuite> <!-- PageFactory.LeavePage_PF -->
