<?xml version="1.0" encoding="UTF-8"?>
<!-- Generated by org.testng.reporters.JUnitReportReporter -->
<testsuite skipped="0" hostname="MAVBCP3103" name="com.scuba.common.BasicClass" tests="1" failures="0" timestamp="2021-12-14T18:56:20 IST" time="23.913" errors="0">
  <testcase name="VerifyValidLogin" time="23.913" classname="com.scuba.common.BasicClass"/>
  <system-out/>
</testsuite> <!-- com.scuba.common.BasicClass -->
