<?xml version="1.0" encoding="UTF-8"?>
<!-- Generated by org.testng.reporters.JUnitReportReporter -->
<testsuite skipped="0" hostname="MAVBCP3103" name="com.tests.extentReports.LoginTest1" tests="1" failures="0" timestamp="2021-12-18T15:51:30 IST" time="20.393" errors="0">
  <testcase name="login1" time="20.393" classname="com.tests.extentReports.LoginTest1"/>
  <system-out/>
</testsuite> <!-- com.tests.extentReports.LoginTest1 -->
