<?xml version="1.0" encoding="UTF-8"?>
<!-- Generated by org.testng.reporters.JUnitReportReporter -->
<testsuite skipped="0" hostname="MAVBCP3103" name="PageFactory.Loginpage_PF" tests="1" failures="0" timestamp="2021-12-14T22:15:04 IST" time="16.565" errors="0">
  <testcase name="TestValidLogin" time="16.565" classname="PageFactory.Loginpage_PF"/>
  <system-out/>
</testsuite> <!-- PageFactory.Loginpage_PF -->
