<?xml version="1.0" encoding="UTF-8"?>
<!-- Generated by org.testng.reporters.JUnitReportReporter -->
<testsuite skipped="0" hostname="MAVBCP3103" name="com.PageFactory.LeavePage_PF" tests="1" failures="0" timestamp="2021-12-18T18:10:10 IST" time="27.652" errors="0">
  <testcase name="VerifyAssignLeave" time="27.652" classname="com.PageFactory.LeavePage_PF"/>
  <system-out/>
</testsuite> <!-- com.PageFactory.LeavePage_PF -->
