<?xml version="1.0" encoding="UTF-8"?>
<!-- Generated by org.testng.reporters.JUnitReportReporter -->
<testsuite skipped="0" hostname="MAVBCP3103" name="com.PageFactory.Loginpage_PF" tests="1" failures="0" timestamp="2021-12-18T18:10:10 IST" time="18.923" errors="0">
  <testcase name="TestValidLogin" time="18.923" classname="com.PageFactory.Loginpage_PF"/>
  <system-out/>
</testsuite> <!-- com.PageFactory.Loginpage_PF -->
